
**** Build of configuration Debug for project TX ****

"c:\\ti\\ccsv6\\utils\\bin\\gmake" -k all 
'Building file: ../main.c'
'Invoking: MSP430 Compiler'
"c:/ti/ccsv6/tools/compiler/msp430_4.3.3/bin/cl430" -vmsp --abi=eabi --include_path="c:/ti/ccsv6/ccs_base/msp430/include" --include_path="c:/ti/ccsv6/tools/compiler/msp430_4.3.3/include" --advice:power=all -g --define=__MSP430G2553__ --diag_warning=225 --display_error_number --diag_wrap=off --printf_support=minimal --preproc_with_compile --preproc_dependency="main.pp"  "../main.c"
"..\mensaje_Serial.h", line 35: remark #1528-D: (ULP 3.1) Detected flag polling using IFG2. Recommend using an interrupt combined with enter LPMx and ISR
"..\mensaje_Serial.h", line 36: remark #2553-D: (ULP 14.1) Array index (involving "i") of type "int". Recommend using "unsigned int"
"..\mensaje_Serial.h", line 38: remark #2553-D: (ULP 14.1) Array index (involving "i") of type "int". Recommend using "unsigned int"
"..\mensaje_Serial.h", line 44: remark #1528-D: (ULP 3.1) Detected flag polling using IFG2. Recommend using an interrupt combined with enter LPMx and ISR
"..\mensaje_Serial.h", line 42: remark #1532-D: (ULP 5.3) Detected sprintf() operation(s). Recommend moving them to RAM during run time or not using as these are processing/power intensive
"..\mensaje_Serial.h", line 43: remark #1544-D: (ULP 13.1) Detected loop counting up. Recommend loops count down as detecting zeros is easier
"..\mensaje_Serial.h", line 45: remark #2553-D: (ULP 14.1) Array index (involving "i") of type "int". Recommend using "unsigned int"
"../main.c", line 26: remark #1527-D: (ULP 2.1) Detected SW delay loop using empty loop. Recommend using a timer module instead
"../main.c", line 34: remark #1528-D: (ULP 3.1) Detected flag polling using ADC10BUSY. Recommend using an interrupt combined with enter LPMx and ISR
"../main.c", line 42: remark #1538-D: (ULP 10.1) ISR Timer_A calls function mostrar_int. Recommend moving function call away from ISR, or inlining the function, or using pragmas
"..\mensaje_Serial.h", line 11: remark #1535-D: (ULP 8.1) variable "x" is used as a constant. Recommend declaring variable as either 'static const' or 'const'
'Finished building: ../main.c'
' '
'Building target: TX.out'
'Invoking: MSP430 Linker'
"c:/ti/ccsv6/tools/compiler/msp430_4.3.3/bin/cl430" -vmsp --abi=eabi --advice:power=all -g --define=__MSP430G2553__ --diag_warning=225 --display_error_number --diag_wrap=off --printf_support=minimal -z -m"TX.map" --heap_size=80 --stack_size=80 -i"c:/ti/ccsv6/ccs_base/msp430/include" -i"c:/ti/ccsv6/tools/compiler/msp430_4.3.3/lib" -i"c:/ti/ccsv6/tools/compiler/msp430_4.3.3/include" --reread_libs --warn_sections --display_error_number --diag_wrap=off --xml_link_info="TX_linkInfo.xml" --rom_model -o "TX.out"  "./main.obj" "../lnk_msp430g2553.cmd" -l"libc.a" 
<Linking>
remark #10422-D: (ULP 6.2) Detected use of a device with available 32-bit hardware multiplier and not also using MSPMATHLIB library (libmath.a).  Recommend using MSPMATHLIB library (libmath.a) for improved performance.
remark #10372-D: (ULP 4.1) Detected uninitialized Port 2 in this project. Recommend initializing all unused ports to eliminate wasted current consumption on unused pins.
remark #10372-D: (ULP 4.1) Detected uninitialized Port 3 in this project. Recommend initializing all unused ports to eliminate wasted current consumption on unused pins.
'Finished building target: TX.out'
' '

**** Build Finished ****
