
**** Build of configuration Debug for project Pruebas_Filtros ****

"c:\\ti\\ccsv6\\utils\\bin\\gmake" -k all 
'Building file: ../main.c'
'Invoking: MSP430 Compiler'
"c:/ti/ccsv6/tools/compiler/msp430_4.3.3/bin/cl430" -vmspx --abi=eabi --data_model=restricted --include_path="c:/ti/ccsv6/ccs_base/msp430/include" --include_path="c:/ti/ccsv6/tools/compiler/msp430_4.3.3/include" --advice:power=all -g --define=__MSP430F5529__ --diag_warning=225 --display_error_number --diag_wrap=off --silicon_errata=CPU21 --silicon_errata=CPU22 --silicon_errata=CPU23 --silicon_errata=CPU40 --printf_support=minimal --preproc_with_compile --preproc_dependency="main.pp"  "../main.c"
"../main.c", line 127: remark #1527-D: (ULP 2.1) Detected SW delay loop using __delay_cycles. Recommend using a timer module instead
"../main.c", line 134: remark #1528-D: (ULP 3.1) Detected flag polling using UCTXIFG. Recommend using an interrupt combined with enter LPMx and ISR
"../main.c", line 141: remark #1544-D: (ULP 13.1) Detected loop counting up. Recommend loops count down as detecting zeros is easier
"../main.c", line 142: remark #2553-D: (ULP 14.1) Array index (involving "m") of type "int". Recommend using "unsigned int"
"../main.c", line 144: remark #2553-D: (ULP 14.1) Array index (involving "m") of type "int". Recommend using "unsigned int"
"../main.c", line 156: remark #1528-D: (ULP 3.1) Detected flag polling using ADC12IFG. Recommend using an interrupt combined with enter LPMx and ISR
"../main.c", line 158: remark #1528-D: (ULP 3.1) Detected flag polling using ADC12IFG. Recommend using an interrupt combined with enter LPMx and ISR
"../main.c", line 160: remark #1528-D: (ULP 3.1) Detected flag polling using ADC12IFG. Recommend using an interrupt combined with enter LPMx and ISR
"../main.c", line 162: remark #1528-D: (ULP 3.1) Detected flag polling using ADC12IFG. Recommend using an interrupt combined with enter LPMx and ISR
"../main.c", line 164: remark #1528-D: (ULP 3.1) Detected flag polling using ADC12IFG. Recommend using an interrupt combined with enter LPMx and ISR
"../main.c", line 166: remark #1528-D: (ULP 3.1) Detected flag polling using ADC12IFG. Recommend using an interrupt combined with enter LPMx and ISR
"../main.c", line 168: remark #1528-D: (ULP 3.1) Detected flag polling using ADC12IFG. Recommend using an interrupt combined with enter LPMx and ISR
"../main.c", line 170: remark #1528-D: (ULP 3.1) Detected flag polling using ADC12IFG. Recommend using an interrupt combined with enter LPMx and ISR
"../main.c", line 172: remark #1544-D: (ULP 13.1) Detected loop counting up. Recommend loops count down as detecting zeros is easier
"../main.c", line 173: remark #2553-D: (ULP 14.1) Array index (involving "m") of type "int". Recommend using "unsigned int"
"../main.c", line 173: remark #2553-D: (ULP 14.1) Array index (involving "m") of type "int". Recommend using "unsigned int"
"../main.c", line 174: remark #2553-D: (ULP 14.1) Array index (involving "m") of type "int". Recommend using "unsigned int"
"../main.c", line 174: remark #2553-D: (ULP 14.1) Array index (involving "m") of type "int". Recommend using "unsigned int"
"../main.c", line 175: remark #2553-D: (ULP 14.1) Array index (involving "m") of type "int". Recommend using "unsigned int"
"../main.c", line 175: remark #2553-D: (ULP 14.1) Array index (involving "m") of type "int". Recommend using "unsigned int"
"../main.c", line 176: remark #2553-D: (ULP 14.1) Array index (involving "m") of type "int". Recommend using "unsigned int"
"../main.c", line 176: remark #2553-D: (ULP 14.1) Array index (involving "m") of type "int". Recommend using "unsigned int"
"../main.c", line 177: remark #2553-D: (ULP 14.1) Array index (involving "m") of type "int". Recommend using "unsigned int"
"../main.c", line 177: remark #2553-D: (ULP 14.1) Array index (involving "m") of type "int". Recommend using "unsigned int"
"../main.c", line 179: remark #2553-D: (ULP 14.1) Array index (involving "m") of type "int". Recommend using "unsigned int"
"../main.c", line 179: remark #2553-D: (ULP 14.1) Array index (involving "m") of type "int". Recommend using "unsigned int"
"../main.c", line 179: remark #2553-D: (ULP 14.1) Array index (involving "m") of type "int". Recommend using "unsigned int"
"../main.c", line 179: remark #2553-D: (ULP 14.1) Array index (involving "m") of type "int". Recommend using "unsigned int"
"../main.c", line 179: remark #2553-D: (ULP 14.1) Array index (involving "m") of type "int". Recommend using "unsigned int"
"../main.c", line 181: remark #2553-D: (ULP 14.1) Array index (involving "m") of type "int". Recommend using "unsigned int"
"../main.c", line 182: remark #2553-D: (ULP 14.1) Array index (involving "m") of type "int". Recommend using "unsigned int"
"../main.c", line 182: remark #2553-D: (ULP 14.1) Array index (involving "m") of type "int". Recommend using "unsigned int"
"../main.c", line 183: remark #2553-D: (ULP 14.1) Array index (involving "m") of type "int". Recommend using "unsigned int"
"../main.c", line 183: remark #2553-D: (ULP 14.1) Array index (involving "m") of type "int". Recommend using "unsigned int"
"../main.c", line 13: remark #1535-D: (ULP 8.1) variable "Bits_Control" is used as a constant. Recommend declaring variable as either 'static const' or 'const'
"../main.c", line 14: remark #1535-D: (ULP 8.1) variable "Bits_Direccion" is used as a constant. Recommend declaring variable as either 'static const' or 'const'
"../main.c", line 15: remark #1535-D: (ULP 8.1) variable "Bits_Informacion" is used as a constant. Recommend declaring variable as either 'static const' or 'const'
"../main.c", line 16: remark #1535-D: (ULP 8.1) variable "Bits_Crc" is used as a constant. Recommend declaring variable as either 'static const' or 'const'
"../main.c", line 17: remark #1535-D: (ULP 8.1) variable "Bits_Crc_Calculado" is used as a constant. Recommend declaring variable as either 'static const' or 'const'
"../main.c", line 53: remark #1535-D: (ULP 8.1) variable "Flag_Inicio_Trama" is used as a constant. Recommend declaring variable as either 'static const' or 'const'
"../main.c", line 181 (col. 27): remark #1531-D: (ULP 5.2) Detected floating point operation(s). Recommend moving them to RAM during run time or not using as these are processing/power intensive
'Finished building: ../main.c'
' '
'Building target: Pruebas_Filtros.out'
'Invoking: MSP430 Linker'
"c:/ti/ccsv6/tools/compiler/msp430_4.3.3/bin/cl430" -vmspx --abi=eabi --data_model=restricted --advice:power=all -g --define=__MSP430F5529__ --diag_warning=225 --display_error_number --diag_wrap=off --silicon_errata=CPU21 --silicon_errata=CPU22 --silicon_errata=CPU23 --silicon_errata=CPU40 --printf_support=minimal -z -m"Pruebas_Filtros.map" --heap_size=160 --stack_size=160 --use_hw_mpy=F5 --cinit_hold_wdt=on -i"c:/ti/ccsv6/ccs_base/msp430/include" -i"c:/ti/ccsv6/tools/compiler/msp430_4.3.3/lib" -i"c:/ti/ccsv6/tools/compiler/msp430_4.3.3/include" -i"c:/ti/ccsv6/ccs_base/msp430/lib/5xx_6xx_FRxx" --reread_libs --warn_sections --display_error_number --diag_wrap=off --xml_link_info="Pruebas_Filtros_linkInfo.xml" --rom_model -o "Pruebas_Filtros.out"  "./CrcLib.obj" "./main.obj" "../QmathLib_CCS_MPY32_5xx_6xx_CPUX_large_code_restricted_data.lib" "../lnk_msp430f5529.cmd" -l"libc.a" -l"libmath.a" 
<Linking>
remark #10372-D: (ULP 4.1) Detected uninitialized Port A in this project. Recommend initializing all unused ports to eliminate wasted current consumption on unused pins.
remark #10372-D: (ULP 4.1) Detected uninitialized Port B in this project. Recommend initializing all unused ports to eliminate wasted current consumption on unused pins.
remark #10372-D: (ULP 4.1) Detected uninitialized Port D in this project. Recommend initializing all unused ports to eliminate wasted current consumption on unused pins.
'Finished building target: Pruebas_Filtros.out'
' '

**** Build Finished ****
